Starting Dynare (version 4.5.6).
Starting preprocessing of the model file ...
Substitution of endo lags >= 2: added 2 auxiliary variables and equations.
Found 15 equation(s).
Evaluating expressions...done
Computing static model derivatives:
 - order 1
Computing dynamic model derivatives:
 - order 1
 - order 2
Processing outputs ...
done
Preprocessing completed.

STEADY-STATE RESULTS:

pi_h             		 0
pi_f             		 0
x_h              		 0
x_f              		 0
r_h              		 0
r_f              		 0
nrs_h            		 0
nrs_f            		 0
r_not_h          		 0
r_not_lag1_h     		 0
r_not_lag2_h     		 0
r_not_lag3_h     		 0
r_not_f          		 0

EIGENVALUES:
         Modulus             Real        Imaginary

               0               -0                0
               0               -0                0
       2.975e-18        2.975e-18                0
       1.342e-17        1.342e-17                0
         0.01408          0.01408                0
         0.01408          0.01408                0
             0.8              0.8                0
             0.8              0.8                0
           1.002            1.002                0
           1.002            1.002                0
            1.25             1.25                0
             1.5              1.5                0


There are 4 eigenvalue(s) larger than 1 in modulus 
for 4 forward-looking variable(s)

The rank condition is verified.

Total computing time : 0h00m00s
